<?xml version="1.0" encoding="UTF-8"?>
<testsuites name="NTEG Demo Test Suite" time="105" tests="2" failures="2" errors="0">
   <testsuite name="NTEG Demo Test Suite" tests="2" failures="2" errors="0" time="105" timestamp="2018-07-12 14:09:22" hostname="anamikamukhopadhyay - Anamika4735.Nagarro.local" id="Test Suites/NTEG Demo Test Suite">
      <properties>
         <property name="deviceName" value=""/>
         <property name="devicePlatform" value=""/>
         <property name="logFolder" value="C:\\Users\\anamikamukhopadhyay\\Katalon Studio\\Demo_NTEG\\Reports\\NTEG Demo Test Suite\\20180712_140920"/>
         <property name="logFiles" value="C:\\Users\\anamikamukhopadhyay\\Katalon Studio\\Demo_NTEG\\Reports\\NTEG Demo Test Suite\\20180712_140920\\execution0.log"/>
         <property name="attachments" value="C:\\Users\\anamikamukhopadhyay\\Katalon Studio\\Demo_NTEG\\Reports\\NTEG Demo Test Suite\\20180712_140920\\1531384843318.png, C:\\Users\\anamikamukhopadhyay\\Katalon Studio\\Demo_NTEG\\Reports\\NTEG Demo Test Suite\\20180712_140920\\1531384867353.png"/>
         <property name="hostName" value="anamikamukhopadhyay - Anamika4735.Nagarro.local"/>
         <property name="os" value="Windows 7 64bit"/>
         <property name="katalonVersion" value="5.4.2.1"/>
         <property name="browser" value="Firefox 49.0"/>
         <property name="hostAddress" value="10.175.28.38"/>
         <property name="sessionId" value="e834afd8-b7fe-4fb9-88de-caab2fac65d4"/>
         <property name="seleniumVersion" value="3.7.1"/>
         <property name="proxyInformation" value="ProxyInformation{proxyOption=NO_PROXY, proxyServerType=HTTP, password=, proxyServerAddress=, proxyServerPort=0}"/>
         <property name="platform" value="Windows 7"/>
      </properties>
      <testcase name="Test Cases/NTEG Demo Test Cases/Alert Test Case/AlertPopup" classname="Test Cases/NTEG Demo Test Cases/Alert Test Case/AlertPopup" status="PASSED">
         <system-out><![CDATA[2018-07-12 14:09:22 - [TEST_CASE][PASSED] - Test Cases/NTEG Demo Test Cases/Alert Test Case/AlertPopup: Test Cases/NTEG Demo Test Cases/Alert Test Case/AlertPopup

2018-07-12 14:09:23 - [TEST_STEP][PASSED] - openBrowser: Browser is opened with url: ''

2018-07-12 14:09:30 - [MESSAGE][PASSED] - Browser is opened with url: ''

2018-07-12 14:09:30 - [TEST_STEP][PASSED] - navigateToUrl: Navigate to 'http://demo.guru99.com/test/delete_customer.php' successfully

2018-07-12 14:09:33 - [MESSAGE][PASSED] - Navigate to 'http://demo.guru99.com/test/delete_customer.php' successfully

2018-07-12 14:09:33 - [TEST_STEP][PASSED] - setText: Text '53920' is set on object 'Object Repository/AlertBox/Page_Delete Customer/input_cusid'

2018-07-12 14:09:33 - [MESSAGE][PASSED] - Text '53920' is set on object 'Object Repository/AlertBox/Page_Delete Customer/input_cusid'

2018-07-12 14:09:33 - [TEST_STEP][PASSED] - click: Object: 'Object Repository/AlertBox/Page_Delete Customer/input_submit' is clicked on

2018-07-12 14:09:34 - [MESSAGE][PASSED] - Object: 'Object Repository/AlertBox/Page_Delete Customer/input_submit' is clicked on

2018-07-12 14:09:34 - [TEST_STEP][PASSED] - Statement - alertText = com.kms.katalon.core.webui.keyword.WebUiBuiltInKeywords.getAlertText(): Get alert text successfully: 'Do you really want to delete this Customer?'

2018-07-12 14:09:34 - [MESSAGE][PASSED] - Get alert text successfully: 'Do you really want to delete this Customer?'

2018-07-12 14:09:34 - [TEST_STEP][PASSED] - verifyMatch: Actual text 'Do you really want to delete this Customer?' and expected text 'Do you really want to delete this Customer?' are matched 

2018-07-12 14:09:34 - [MESSAGE][PASSED] - Actual text 'Do you really want to delete this Customer?' and expected text 'Do you really want to delete this Customer?' are matched 

2018-07-12 14:09:34 - [TEST_STEP][PASSED] - acceptAlert: Alert accepted

2018-07-12 14:09:34 - [MESSAGE][PASSED] - Alert accepted

2018-07-12 14:09:34 - [TEST_STEP][PASSED] - closeBrowser: Browser is closed

2018-07-12 14:09:34 - [MESSAGE][PASSED] - Browser is closed]]></system-out>
         <system-err><![CDATA[]]></system-err>
      </testcase>
      <testcase name="Test Cases/NTEG Demo Test Cases/DragAndDrop Test Case/DragandDrop Testcase" classname="Test Cases/NTEG Demo Test Cases/DragAndDrop Test Case/DragandDrop Testcase" status="PASSED">
         <system-out><![CDATA[2018-07-12 14:09:34 - [TEST_CASE][PASSED] - Test Cases/NTEG Demo Test Cases/DragAndDrop Test Case/DragandDrop Testcase: Test Cases/NTEG Demo Test Cases/DragAndDrop Test Case/DragandDrop Testcase

2018-07-12 14:09:34 - [TEST_STEP][PASSED] - openBrowser: Browser is opened with url: ''

2018-07-12 14:09:42 - [MESSAGE][PASSED] - Browser is opened with url: ''

2018-07-12 14:09:42 - [TEST_STEP][PASSED] - navigateToUrl: Navigate to 'http://jqueryui.com/droppable/#default' successfully

2018-07-12 14:09:50 - [MESSAGE][PASSED] - Navigate to 'http://jqueryui.com/droppable/#default' successfully

2018-07-12 14:09:50 - [TEST_STEP][PASSED] - dragAndDropToObject: Dragged object with id 'Object Repository/DragandDrop/Page_Droppable  jQuery UI (2)/div_Drag me to my target' to object with id 'TestObject - 'Object Repository/DragandDrop/Page_Droppable  jQuery UI (2)/div_Drop here'' successfully

2018-07-12 14:09:53 - [MESSAGE][PASSED] - Dragged object with id 'Object Repository/DragandDrop/Page_Droppable  jQuery UI (2)/div_Drag me to my target' to object with id 'TestObject - 'Object Repository/DragandDrop/Page_Droppable  jQuery UI (2)/div_Drop here'' successfully

2018-07-12 14:09:55 - [TEST_STEP][PASSED] - Statement - droppable_text = com.kms.katalon.core.webui.keyword.WebUiBuiltInKeywords.getText(com.kms.katalon.core.testobject.ObjectRepository.findTestObject(DragandDrop/Page_Droppable  jQuery UI (2)/div_Dropped)): Text of object 'Object Repository/DragandDrop/Page_Droppable  jQuery UI (2)/div_Dropped' is: 'Dropped!'

2018-07-12 14:09:55 - [MESSAGE][PASSED] - Text of object 'Object Repository/DragandDrop/Page_Droppable  jQuery UI (2)/div_Dropped' is: 'Dropped!'

2018-07-12 14:09:58 - [TEST_STEP][PASSED] - verifyEqual: Actual object 'Dropped!' and expected object 'Dropped!' are equal

2018-07-12 14:09:58 - [MESSAGE][PASSED] - Actual object 'Dropped!' and expected object 'Dropped!' are equal

2018-07-12 14:09:58 - [TEST_STEP][PASSED] - closeBrowser: Browser is closed

2018-07-12 14:09:58 - [MESSAGE][PASSED] - Browser is closed]]></system-out>
         <system-err><![CDATA[]]></system-err>
      </testcase>
      <testcase name="Test Cases/NTEG Demo Test Cases/iFrame Test Case/iFrame" classname="Test Cases/NTEG Demo Test Cases/iFrame Test Case/iFrame" status="FAILED">
         <failure type="FAILED" message="Unable to verify image 'Object Repository/Page_iFrame/Page_HTML Iframes/iframe_result' present (Root cause: com.kms.katalon.core.webui.exception.WebElementNotFoundException: Web element with id: 'Object Repository/Page_iFrame/Page_HTML Iframes/iframe_result' located by 'By.xpath: /html[@class=&quot;js no-touch csstransforms3d csstransitions&quot;]/body[1]/div[@class=&quot;main&quot;]/div[@class=&quot;container&quot;]/div[@class=&quot;row&quot;]/div[@class=&quot;row&quot;]/div[@class=&quot;content&quot;]/div[@class=&quot;col-md-7 middle-col&quot;]/iframe[@class=&quot;result&quot;]' not found)"/>
         <system-out><![CDATA[2018-07-12 14:09:58 - [TEST_CASE][FAILED] - Test Cases/NTEG Demo Test Cases/iFrame Test Case/iFrame: Test Cases/NTEG Demo Test Cases/iFrame Test Case/iFrame FAILED because (of) Unable to verify image 'Object Repository/Page_iFrame/Page_HTML Iframes/iframe_result' present (Root cause: com.kms.katalon.core.webui.exception.WebElementNotFoundException: Web element with id: 'Object Repository/Page_iFrame/Page_HTML Iframes/iframe_result' located by 'By.xpath: /html[@class="js no-touch csstransforms3d csstransitions"]/body[1]/div[@class="main"]/div[@class="container"]/div[@class="row"]/div[@class="row"]/div[@class="content"]/div[@class="col-md-7 middle-col"]/iframe[@class="result"]' not found)

2018-07-12 14:09:58 - [TEST_STEP][PASSED] - openBrowser: Browser is opened with url: ''

2018-07-12 14:10:06 - [MESSAGE][PASSED] - Browser is opened with url: ''

2018-07-12 14:10:06 - [TEST_STEP][PASSED] - navigateToUrl: Navigate to 'https://www.tutorialspoint.com/html/html_iframes.htm' successfully

2018-07-12 14:10:11 - [MESSAGE][PASSED] - Navigate to 'https://www.tutorialspoint.com/html/html_iframes.htm' successfully

2018-07-12 14:10:11 - [TEST_STEP][FAILED] - switchToFrame: Unable to verify image 'Object Repository/Page_iFrame/Page_HTML Iframes/iframe_result' present (Root cause: com.kms.katalon.core.webui.exception.WebElementNotFoundException: Web element with id: 'Object Repository/Page_iFrame/Page_HTML Iframes/iframe_result' located by 'By.xpath: /html[@class="js no-touch csstransforms3d csstransitions"]/body[1]/div[@class="main"]/div[@class="container"]/div[@class="row"]/div[@class="row"]/div[@class="content"]/div[@class="col-md-7 middle-col"]/iframe[@class="result"]' not found)

2018-07-12 14:10:11 - [MESSAGE][WARNING] - Timeout '0' is invalid. Using default page load timeout: '30'

2018-07-12 14:10:44 - [MESSAGE][FAILED] - Unable to verify image 'Object Repository/Page_iFrame/Page_HTML Iframes/iframe_result' present (Root cause: com.kms.katalon.core.webui.exception.WebElementNotFoundException: Web element with id: 'Object Repository/Page_iFrame/Page_HTML Iframes/iframe_result' located by 'By.xpath: /html[@class="js no-touch csstransforms3d csstransitions"]/body[1]/div[@class="main"]/div[@class="container"]/div[@class="row"]/div[@class="row"]/div[@class="content"]/div[@class="col-md-7 middle-col"]/iframe[@class="result"]' not found)
[[ATTACHMENT|C:\\Users\\anamikamukhopadhyay\\Katalon Studio\\Demo_NTEG\\Reports\\NTEG Demo Test Suite\\20180712_140920\\1531384843318.png]]]]></system-out>
         <system-err><![CDATA[2018-07-12 14:09:58 - [TEST_CASE][FAILED] - Test Cases/NTEG Demo Test Cases/iFrame Test Case/iFrame: Test Cases/NTEG Demo Test Cases/iFrame Test Case/iFrame FAILED because (of) Unable to verify image 'Object Repository/Page_iFrame/Page_HTML Iframes/iframe_result' present (Root cause: com.kms.katalon.core.webui.exception.WebElementNotFoundException: Web element with id: 'Object Repository/Page_iFrame/Page_HTML Iframes/iframe_result' located by 'By.xpath: /html[@class="js no-touch csstransforms3d csstransitions"]/body[1]/div[@class="main"]/div[@class="container"]/div[@class="row"]/div[@class="row"]/div[@class="content"]/div[@class="col-md-7 middle-col"]/iframe[@class="result"]' not found)]]></system-err>
      </testcase>
      <testcase name="Test Cases/NTEG Demo Test Cases/WindowsPopup Test Case/WindowsPopup" classname="Test Cases/NTEG Demo Test Cases/WindowsPopup Test Case/WindowsPopup" status="FAILED">
         <failure type="FAILED" message="Unable to set text 'Admin@123' of object 'Object Repository/Windowspopup/elated.com/Password' (Root cause: org.openqa.selenium.InvalidElementStateException: Element must be user-editable in order to clear it.
Command duration or timeout: 0 milliseconds)"/>
         <system-out><![CDATA[2018-07-12 14:10:44 - [TEST_CASE][FAILED] - Test Cases/NTEG Demo Test Cases/WindowsPopup Test Case/WindowsPopup: Test Cases/NTEG Demo Test Cases/WindowsPopup Test Case/WindowsPopup FAILED because (of) Unable to set text 'Admin@123' of object 'Object Repository/Windowspopup/elated.com/Password' (Root cause: org.openqa.selenium.InvalidElementStateException: Element must be user-editable in order to clear it.
Command duration or timeout: 0 milliseconds)

2018-07-12 14:10:44 - [TEST_STEP][PASSED] - openBrowser: Browser is opened with url: ''

2018-07-12 14:10:44 - [MESSAGE][WARNING] - A browser is already opened. Closing browser and opening a new one

2018-07-12 14:10:52 - [MESSAGE][PASSED] - Browser is opened with url: ''

2018-07-12 14:10:52 - [TEST_STEP][PASSED] - navigateToUrl: Navigate to 'https://www.elated.com/articles/javascript-tabs/' successfully

2018-07-12 14:10:58 - [MESSAGE][PASSED] - Navigate to 'https://www.elated.com/articles/javascript-tabs/' successfully

2018-07-12 14:10:58 - [TEST_STEP][PASSED] - click: Object: 'Object Repository/Windowspopup/elated.com/twitter button' is clicked on

2018-07-12 14:10:59 - [MESSAGE][PASSED] - Object: 'Object Repository/Windowspopup/elated.com/twitter button' is clicked on

2018-07-12 14:10:59 - [TEST_STEP][PASSED] - switchToWindowTitle: Switched to window with title: 'Share a link on Twitter'

2018-07-12 14:11:06 - [MESSAGE][PASSED] - Switched to window with title: 'Share a link on Twitter'

2018-07-12 14:11:06 - [TEST_STEP][PASSED] - setText: Text 'testq1725@gmail.com' is set on object 'Object Repository/Windowspopup/elated.com/Username'

2018-07-12 14:11:06 - [MESSAGE][WARNING] - Test object with id 'Object Repository/Windowspopup/Page_JavaScript Tabs - Create Tabbe/iframe_twitter-widget-0' does not exist

2018-07-12 14:11:07 - [MESSAGE][PASSED] - Text 'testq1725@gmail.com' is set on object 'Object Repository/Windowspopup/elated.com/Username'

2018-07-12 14:11:07 - [TEST_STEP][FAILED] - setText: Unable to set text 'Admin@123' of object 'Object Repository/Windowspopup/elated.com/Password' (Root cause: org.openqa.selenium.InvalidElementStateException: Element must be user-editable in order to clear it.
Command duration or timeout: 0 milliseconds)

2018-07-12 14:11:07 - [MESSAGE][FAILED] - Unable to set text 'Admin@123' of object 'Object Repository/Windowspopup/elated.com/Password' (Root cause: org.openqa.selenium.InvalidElementStateException: Element must be user-editable in order to clear it.
Command duration or timeout: 0 milliseconds)
[[ATTACHMENT|C:\\Users\\anamikamukhopadhyay\\Katalon Studio\\Demo_NTEG\\Reports\\NTEG Demo Test Suite\\20180712_140920\\1531384867353.png]]]]></system-out>
         <system-err><![CDATA[2018-07-12 14:10:44 - [TEST_CASE][FAILED] - Test Cases/NTEG Demo Test Cases/WindowsPopup Test Case/WindowsPopup: Test Cases/NTEG Demo Test Cases/WindowsPopup Test Case/WindowsPopup FAILED because (of) Unable to set text 'Admin@123' of object 'Object Repository/Windowspopup/elated.com/Password' (Root cause: org.openqa.selenium.InvalidElementStateException: Element must be user-editable in order to clear it.
Command duration or timeout: 0 milliseconds)]]></system-err>
      </testcase>
      <system-out><![CDATA[2018-07-12 14:09:22 - [TEST_SUITE][FAILED] - NTEG Demo Test Suite: Test Cases/NTEG Demo Test Cases/iFrame Test Case/iFrame FAILED because (of) Unable to verify image 'Object Repository/Page_iFrame/Page_HTML Iframes/iframe_result' present (Root cause: com.kms.katalon.core.webui.exception.WebElementNotFoundException: Web element with id: 'Object Repository/Page_iFrame/Page_HTML Iframes/iframe_result' located by 'By.xpath: /html[@class="js no-touch csstransforms3d csstransitions"]/body[1]/div[@class="main"]/div[@class="container"]/div[@class="row"]/div[@class="row"]/div[@class="content"]/div[@class="col-md-7 middle-col"]/iframe[@class="result"]' not found)]]></system-out>
      <system-err><![CDATA[2018-07-12 14:09:22 - [TEST_SUITE][FAILED] - NTEG Demo Test Suite: Test Cases/NTEG Demo Test Cases/iFrame Test Case/iFrame FAILED because (of) Unable to verify image 'Object Repository/Page_iFrame/Page_HTML Iframes/iframe_result' present (Root cause: com.kms.katalon.core.webui.exception.WebElementNotFoundException: Web element with id: 'Object Repository/Page_iFrame/Page_HTML Iframes/iframe_result' located by 'By.xpath: /html[@class="js no-touch csstransforms3d csstransitions"]/body[1]/div[@class="main"]/div[@class="container"]/div[@class="row"]/div[@class="row"]/div[@class="content"]/div[@class="col-md-7 middle-col"]/iframe[@class="result"]' not found)]]></system-err>
   </testsuite>
</testsuites>
